<?xml version="1.0" encoding="UTF-8"?>
<!-- Generated by org.testng.reporters.JUnitXMLReporter -->
<testsuite ignored="0" hostname="MAHESH-ADEPU" failures="0" tests="9" name="Automationpratice" time="8.561" errors="0" timestamp="24 Mar 2024 11:11:07 GMT">
  <testcase classname="com.crm.qa.testcases.ContactPageTest" name="@BeforeMethod setUp" time="6.049">
    <failure type="io.github.bonigarcia.wdm.config.WebDriverManagerException" message="java.lang.NumberFormatException: For input string: &amp;quot;public&amp;quot;">
      <![CDATA[io.github.bonigarcia.wdm.config.WebDriverManagerException: java.lang.NumberFormatException: For input string: "public"
	at io.github.bonigarcia.wdm.WebDriverManager.handleException(WebDriverManager.java:1445)
	at io.github.bonigarcia.wdm.WebDriverManager.manage(WebDriverManager.java:1205)
	at io.github.bonigarcia.wdm.WebDriverManager.fallback(WebDriverManager.java:1461)
	at io.github.bonigarcia.wdm.WebDriverManager.handleException(WebDriverManager.java:1442)
	at io.github.bonigarcia.wdm.WebDriverManager.manage(WebDriverManager.java:1205)
	at io.github.bonigarcia.wdm.WebDriverManager.handleException(WebDriverManager.java:1435)
	at io.github.bonigarcia.wdm.WebDriverManager.manage(WebDriverManager.java:1205)
	at io.github.bonigarcia.wdm.WebDriverManager.setup(WebDriverManager.java:427)
	at com.crm.qa.base.TestBase.initialization(TestBase.java:36)
	at com.crm.qa.testcases.ContactPageTest.setUp(ContactPageTest.java:29)
Caused by: java.lang.NumberFormatException: For input string: "public"
	at java.base/java.lang.NumberFormatException.forInputString(NumberFormatException.java:67)
	at java.base/java.lang.Integer.parseInt(Integer.java:668)
	at java.base/java.lang.Integer.parseInt(Integer.java:784)
	at io.github.bonigarcia.wdm.managers.ChromeDriverManager.buildUrl(ChromeDriverManager.java:178)
	at io.github.bonigarcia.wdm.managers.ChromeDriverManager.buildUrl(ChromeDriverManager.java:155)
	at io.github.bonigarcia.wdm.WebDriverManager.download(WebDriverManager.java:1282)
	at io.github.bonigarcia.wdm.WebDriverManager.manage(WebDriverManager.java:1199)
	... 33 more
... Removed 25 stack frames]]>
    </failure>
  </testcase> <!-- @BeforeMethod setUp -->
  <testcase classname="com.crm.qa.testcases.HomePageTest" name="@BeforeMethod setup" time="1.094">
    <failure type="io.github.bonigarcia.wdm.config.WebDriverManagerException" message="java.lang.NumberFormatException: For input string: &amp;quot;public&amp;quot;">
      <![CDATA[io.github.bonigarcia.wdm.config.WebDriverManagerException: java.lang.NumberFormatException: For input string: "public"
	at io.github.bonigarcia.wdm.WebDriverManager.handleException(WebDriverManager.java:1445)
	at io.github.bonigarcia.wdm.WebDriverManager.manage(WebDriverManager.java:1205)
	at io.github.bonigarcia.wdm.WebDriverManager.fallback(WebDriverManager.java:1461)
	at io.github.bonigarcia.wdm.WebDriverManager.handleException(WebDriverManager.java:1442)
	at io.github.bonigarcia.wdm.WebDriverManager.manage(WebDriverManager.java:1205)
	at io.github.bonigarcia.wdm.WebDriverManager.handleException(WebDriverManager.java:1435)
	at io.github.bonigarcia.wdm.WebDriverManager.manage(WebDriverManager.java:1205)
	at io.github.bonigarcia.wdm.WebDriverManager.setup(WebDriverManager.java:427)
	at com.crm.qa.base.TestBase.initialization(TestBase.java:36)
	at com.crm.qa.testcases.HomePageTest.setup(HomePageTest.java:23)
Caused by: java.lang.NumberFormatException: For input string: "public"
	at java.base/java.lang.NumberFormatException.forInputString(NumberFormatException.java:67)
	at java.base/java.lang.Integer.parseInt(Integer.java:668)
	at java.base/java.lang.Integer.parseInt(Integer.java:784)
	at io.github.bonigarcia.wdm.managers.ChromeDriverManager.buildUrl(ChromeDriverManager.java:178)
	at io.github.bonigarcia.wdm.managers.ChromeDriverManager.buildUrl(ChromeDriverManager.java:155)
	at io.github.bonigarcia.wdm.WebDriverManager.download(WebDriverManager.java:1282)
	at io.github.bonigarcia.wdm.WebDriverManager.manage(WebDriverManager.java:1199)
	... 33 more
... Removed 25 stack frames]]>
    </failure>
  </testcase> <!-- @BeforeMethod setup -->
  <testcase classname="com.crm.qa.testcases.LoginPageTest" name="@BeforeMethod setUp" time="0.712">
    <failure type="io.github.bonigarcia.wdm.config.WebDriverManagerException" message="java.lang.NumberFormatException: For input string: &amp;quot;public&amp;quot;">
      <![CDATA[io.github.bonigarcia.wdm.config.WebDriverManagerException: java.lang.NumberFormatException: For input string: "public"
	at io.github.bonigarcia.wdm.WebDriverManager.handleException(WebDriverManager.java:1445)
	at io.github.bonigarcia.wdm.WebDriverManager.manage(WebDriverManager.java:1205)
	at io.github.bonigarcia.wdm.WebDriverManager.fallback(WebDriverManager.java:1461)
	at io.github.bonigarcia.wdm.WebDriverManager.handleException(WebDriverManager.java:1442)
	at io.github.bonigarcia.wdm.WebDriverManager.manage(WebDriverManager.java:1205)
	at io.github.bonigarcia.wdm.WebDriverManager.handleException(WebDriverManager.java:1435)
	at io.github.bonigarcia.wdm.WebDriverManager.manage(WebDriverManager.java:1205)
	at io.github.bonigarcia.wdm.WebDriverManager.setup(WebDriverManager.java:427)
	at com.crm.qa.base.TestBase.initialization(TestBase.java:36)
	at com.crm.qa.testcases.LoginPageTest.setUp(LoginPageTest.java:26)
Caused by: java.lang.NumberFormatException: For input string: "public"
	at java.base/java.lang.NumberFormatException.forInputString(NumberFormatException.java:67)
	at java.base/java.lang.Integer.parseInt(Integer.java:668)
	at java.base/java.lang.Integer.parseInt(Integer.java:784)
	at io.github.bonigarcia.wdm.managers.ChromeDriverManager.buildUrl(ChromeDriverManager.java:178)
	at io.github.bonigarcia.wdm.managers.ChromeDriverManager.buildUrl(ChromeDriverManager.java:155)
	at io.github.bonigarcia.wdm.WebDriverManager.download(WebDriverManager.java:1282)
	at io.github.bonigarcia.wdm.WebDriverManager.manage(WebDriverManager.java:1199)
	... 33 more
... Removed 25 stack frames]]>
    </failure>
  </testcase> <!-- @BeforeMethod setUp -->
  <testcase classname="com.crm.qa.testcases.HomePageTest" name="@BeforeMethod setup" time="0.0">
    <skipped/>
  </testcase> <!-- @BeforeMethod setup -->
  <testcase classname="com.crm.qa.testcases.LoginPageTest" name="@BeforeMethod setUp" time="0.0">
    <skipped/>
  </testcase> <!-- @BeforeMethod setUp -->
  <testcase classname="com.crm.qa.testcases.ContactPageTest" name="@BeforeMethod setUp" time="0.0">
    <skipped/>
  </testcase> <!-- @BeforeMethod setUp -->
  <testcase classname="com.crm.qa.testcases.HomePageTest" name="@BeforeMethod setup" time="0.0">
    <skipped/>
  </testcase> <!-- @BeforeMethod setup -->
  <testcase classname="com.crm.qa.testcases.LoginPageTest" name="@BeforeMethod setUp" time="0.0">
    <skipped/>
  </testcase> <!-- @BeforeMethod setUp -->
  <testcase classname="com.crm.qa.testcases.ContactPageTest" name="contactspageHeader" time="0.001">
    <skipped/>
  </testcase> <!-- contactspageHeader -->
  <testcase classname="com.crm.qa.testcases.HomePageTest" name="verifyHomeTitle" time="0.0">
    <skipped/>
  </testcase> <!-- verifyHomeTitle -->
  <testcase classname="com.crm.qa.testcases.LoginPageTest" name="loginPageTitleTest" time="0.0">
    <skipped/>
  </testcase> <!-- loginPageTitleTest -->
  <testcase classname="com.crm.qa.testcases.ContactPageTest" name="verifyCreateContact" time="0.0">
    <skipped/>
  </testcase> <!-- verifyCreateContact -->
  <testcase classname="com.crm.qa.testcases.HomePageTest" name="verifyLogedUser" time="0.0">
    <skipped/>
  </testcase> <!-- verifyLogedUser -->
  <testcase classname="com.crm.qa.testcases.LoginPageTest" name="loginPageCrmlogoTest" time="0.0">
    <skipped/>
  </testcase> <!-- loginPageCrmlogoTest -->
  <testcase classname="com.crm.qa.testcases.ContactPageTest" name="contactsList" time="0.0">
    <skipped/>
  </testcase> <!-- contactsList -->
  <testcase classname="com.crm.qa.testcases.HomePageTest" name="verifyContacts" time="0.0">
    <skipped/>
  </testcase> <!-- verifyContacts -->
  <testcase classname="com.crm.qa.testcases.LoginPageTest" name="loginTest" time="0.0">
    <skipped/>
  </testcase> <!-- loginTest -->
</testsuite> <!-- Automationpratice -->
