<?xml version="1.0" encoding="UTF-8"?>
<!-- Generated by org.testng.reporters.JUnitXMLReporter -->
<testsuite ignored="2" hostname="MAHESH-ADEPU" failures="0" tests="1" name="Default test" time="0.233" errors="0" timestamp="19 Feb 2024 10:19:44 GMT">
  <testcase classname="com.crm.qa.testcases.ContactPageTest" name="verifyCreateContact" time="0.0">
    <skipped/>
  </testcase> <!-- verifyCreateContact -->
  <testcase classname="com.crm.qa.testcases.ContactPageTest" name="contactsList" time="0.0">
    <ignored/>
  </testcase> <!-- contactsList -->
  <testcase classname="com.crm.qa.testcases.ContactPageTest" name="contactspageHeader" time="0.0">
    <ignored/>
  </testcase> <!-- contactspageHeader -->
</testsuite> <!-- Default test -->
